<?xml version="1.0" encoding="UTF-8"?>
<!-- Generated by org.testng.reporters.JUnitReportReporter -->
<testsuite skipped="0" hostname="MethLab-PC" name="testcases.Demo" tests="1" failures="0" timestamp="2020-03-19T18:33:39 IST" time="0.015" errors="0">
  <testcase name="testMethod" time="0.015" classname="testcases.Demo"/>
</testsuite> <!-- testcases.Demo -->
