<?xml version="1.0" encoding="UTF-8"?>
<!-- Generated by org.testng.reporters.JUnitReportReporter -->
<testsuite skipped="0" hostname="MethLab-PC" name="com.crm.qa.testcases.LoginPageTest" tests="3" failures="0" timestamp="2020-03-27T20:34:52 IST" time="36.275" errors="0">
  <testcase name="validateCrmImageTest" time="9.659" classname="com.crm.qa.testcases.LoginPageTest"/>
  <testcase name="loginPageTitleTest" time="11.939" classname="com.crm.qa.testcases.LoginPageTest"/>
  <testcase name="loginTest" time="14.677" classname="com.crm.qa.testcases.LoginPageTest"/>
</testsuite> <!-- com.crm.qa.testcases.LoginPageTest -->
